Traceback (most recent call last):
  File "/home/student/school-ROS-AI-ROBOTICS/HMI/ros_interface.py", line 67, in run
    self._run_ros()
  File "/home/student/school-ROS-AI-ROBOTICS/HMI/ros_interface.py", line 110, in _run_ros
    executor.spin_once(timeout_sec=0.1)
  File "/opt/ros/jazzy/lib/python3.12/site-packages/rclpy/executors.py", line 1015, in spin_once
    self._spin_once_impl(timeout_sec)
  File "/opt/ros/jazzy/lib/python3.12/site-packages/rclpy/executors.py", line 991, in _spin_once_impl
    handler, entity, node = self.wait_for_ready_callbacks(
                            ^^^^^^^^^^^^^^^^^^^^^^^^^^^^^^
  File "/opt/ros/jazzy/lib/python3.12/site-packages/rclpy/executors.py", line 877, in wait_for_ready_callbacks
    return next(self._cb_iter)
           ^^^^^^^^^^^^^^^^^^^
  File "/opt/ros/jazzy/lib/python3.12/site-packages/rclpy/executors.py", line 645, in _wait_for_ready_callbacks
    timeout_timer = Timer(None, None, timeout_nsec, self._clock, context=self._context)
                    ^^^^^^^^^^^^^^^^^^^^^^^^^^^^^^^^^^^^^^^^^^^^^^^^^^^^^^^^^^^^^^^^^^^
  File "/opt/ros/jazzy/lib/python3.12/site-packages/rclpy/timer.py", line 60, in __init__
    self.__timer = _rclpy.Timer(
                   ^^^^^^^^^^^^^
rclpy._rclpy_pybind11.RCLError: failed to create timer: the given context is not valid, either rcl_init() was not called or rcl_shutdown() was called., at ./src/rcl/guard_condition.c:67
Traceback (most recent call last):
  File "/home/student/school-ROS-AI-ROBOTICS/HMI/hmi_window.py", line 331, in _tick_clock
    def _tick_clock(self):

KeyboardInterrupt
Traceback (most recent call last):
  File "/home/student/school-ROS-AI-ROBOTICS/HMI/hmi_window.py", line 331, in _tick_clock
    def _tick_clock(self):

KeyboardInterrupt
Traceback (most recent call last):
  File "/home/student/school-ROS-AI-ROBOTICS/HMI/hmi_window.py", line 331, in _tick_clock
    def _tick_clock(self):

KeyboardInterrupt
